Trancity v0.6.4.4 (x86)
Build date: 23.07.2022, 23:59:18
Uses DotR v0.0.0.4 (build date: 23.07.2022, 23:59:16)
Running on: Microsoft Windows NT 6.2.9200.0
Executable path: E:\Trancity_Dev\bin\Debug\net20
Date: 31.03.2023
17:03:54: ModelLoader - Bounding spheres not loaded for ÀË¿«-6212
17:03:54: ModelLoader - Bounding spheres not loaded for œ¿«-32051
17:03:54: ModelLoader - Bounding spheres not loaded for À¬—-86 “œ1
17:03:54: ModelLoader - Bounding spheres not loaded for ÀË¿« 5256.25II
17:03:54: ModelLoader - Bounding spheres not loaded for ÀÃ-68Ã —œ· “œ2
17:03:54: ModelLoader - Bounding spheres not loaded for ÀÃ-68Ã —œ· “œ2 —Ã≈
17:03:54: ModelLoader - Bounding spheres not loaded for œ¿«-4234
17:03:54: LoadCitySimple - Loading E:\Games\Trancity_0.6.4.3\Cities\ ËÂ‚ ‰ÂÏÓ.city
17:03:55: LoadCitySimple - Success!
17:04:04: DirectX9 - Direct3D created. Availabale devices (adapters):
17:04:04: 0 - NVIDIA GeForce GTX 1050 with driver version 30.0.14.9729
17:04:04: DirectX9 - CreateFlags = HardwareVertexProcessing
17:04:04: DirectX9 - Uses adapter with ID 0
17:04:04: DirectX9 - Uses windowed mode
17:04:04: DirectX9 - Device created successfully
17:04:04: Engine - XAudio2 device created successfully
17:04:04: XAudio2 - Available devices:
17:04:04: 0 - ƒËÌ‡ÏËÍË (Realtek High Definition Audio) with role GlobalDefaultDevice
17:04:04: XAudio2 - Uses device with id = 0
17:04:05: LoadCity - Loading E:\Games\Trancity_0.6.4.3\Cities\ ËÂ‚ ‰ÂÏÓ.city
17:04:07: LoadCity - Old signals construction found!
17:04:08: LoadCity - Success!
17:04:19:  - Sound enabled
17:04:19:  - Game started
